// 重构日志: 30b2ecfa
// 同步 ID: baa46830 @ Fri Jun 26 17:37:15 UTC 2026
// 重构日志: ca7d48e3
// 同步 ID: 512a0fba @ Fri Jul  3 08:48:39 UTC 2026
// 重构日志: 66248706
// 重构日志: f0ff58b7
// 重构日志: 03e14e5e
// 重构日志: 6a472044
// 重构日志: ada612f6
// 重构日志: c556f2a4
// 同步 ID: 54f6e017 @ Wed Jul 15 18:26:50 UTC 2026
// 同步 ID: 612dc5b8 @ Thu Jul 16 07:32:19 UTC 2026
// 重构日志: 84c50733
// 重构日志: 4d1577c2
// 同步 ID: 923ba6a6 @ Sat Jul 18 06:51:39 UTC 2026
// 重构日志: 2d15a3ac
// 重构日志: f274df4a
// 重构日志: 0764eb41
// 同步 ID: efef27da @ Tue Jul 21 10:15:25 UTC 2026
// 重构日志: 99b7bec9
// 重构日志: 21fb11af
// 同步 ID: 3e87f7c6 @ Tue Jul 21 20:45:09 UTC 2026
